C51 COMPILER V9.52.0.0   TRAFFSEVEN                                                        02/05/2018 14:26:18 PAGE 1   


C51 COMPILER V9.52.0.0, COMPILATION OF MODULE TRAFFSEVEN
OBJECT MODULE PLACED IN traffseven.OBJ
COMPILER INVOKED BY: C:\Keil\C51\BIN\C51.EXE traffseven.c BROWSE DEBUG OBJECTEXTEND TABS(2)

line level    source

   1          #include<regx51.h>
   2          #define display P2
   3          sbit red=P1^0;
   4          sbit green=P1^2;
   5          sbit yellow=P1^4;
   6          void delay();
   7          void main()
   8          {
   9   1        while(1)
  10   1        {
  11   2        display=0XBF;
  12   2          delay();
  13   2        red=1;
  14   2        green=0;
  15   2        yellow=0;
  16   2        delay();
  17   2          display=0X86;
  18   2          delay();
  19   2          red=1;
  20   2        green=0;
  21   2        yellow=0;
  22   2        delay();
  23   2          display=0XDB;
  24   2          delay();
  25   2          red=1;
  26   2        green=0;
  27   2        yellow=0;
  28   2        delay();
  29   2          display=0XCF;
  30   2          delay();
  31   2          red=1;
  32   2        green=0;
  33   2        yellow=0;
  34   2        delay();
  35   2          
  36   2        
  37   2        display=0XE6;
  38   2        //display<=0X87;display++)
  39   2        delay();
  40   2        red=0;
  41   2          green=1;
  42   2          yellow=0;
  43   2          delay();
  44   2          display=0XED;
  45   2          delay();
  46   2          red=0;
  47   2          green=1;
  48   2          yellow=0;
  49   2          delay();
  50   2          display=0XFD;
  51   2          delay();
  52   2          red=0;
  53   2          green=1;
  54   2          yellow=0;
  55   2          delay();
C51 COMPILER V9.52.0.0   TRAFFSEVEN                                                        02/05/2018 14:26:18 PAGE 2   

  56   2          display=0X87;
  57   2          delay();
  58   2          red=0;
  59   2          green=1;
  60   2          yellow=0;
  61   2          delay();
  62   2        
  63   2        display=0XFF;//display<=0XEF;display++)
  64   2        delay();
  65   2          red=0;
  66   2          green=0;
  67   2          yellow=1;
  68   2          delay();
  69   2        display=0XEF;
  70   2        delay();
  71   2          red=0;
  72   2          green=0;
  73   2          yellow=1;
  74   2          delay();
  75   2        
  76   2      }
  77   1      }
  78          void delay()
  79          {
  80   1        int i,j;
  81   1        for(i=0;i<1000;i++)
  82   1        for(j=0;j<100;j++);
  83   1      }
  84            
  85            
  86            
  87            
  88            
  89            
  90            
  91              


MODULE INFORMATION:   STATIC OVERLAYABLE
   CODE SIZE        =    164    ----
   CONSTANT SIZE    =   ----    ----
   XDATA SIZE       =   ----    ----
   PDATA SIZE       =   ----    ----
   DATA SIZE        =   ----    ----
   IDATA SIZE       =   ----    ----
   BIT SIZE         =   ----    ----
END OF MODULE INFORMATION.


C51 COMPILATION COMPLETE.  0 WARNING(S),  0 ERROR(S)
