C51 COMPILER V9.52.0.0   LED1                                                              02/04/2018 16:01:09 PAGE 1   


C51 COMPILER V9.52.0.0, COMPILATION OF MODULE LED1
OBJECT MODULE PLACED IN led1.OBJ
COMPILER INVOKED BY: C:\Keil\C51\BIN\C51.EXE led1.c BROWSE DEBUG OBJECTEXTEND TABS(2)

line level    source

   1          #include<regx51.h>
   2          #define led P2
   3           void delay();
   4           void main()
   5           {
   6   1       while(1)
   7   1       {
   8   2       led=0XFF;
   9   2       delay();
  10   2       led=0X0F;
  11   2       delay();
  12   2       led=0XF0;
  13   2       delay();
  14   2       led=0X55;
  15   2       delay();
  16   2       led=0XAA;
  17   2       delay();
  18   2       }
  19   1       }
  20           void delay()
  21           {
  22   1       int i,j;
  23   1       for(i=0;i<1000;i++)
  24   1       for(j=0;j<1000;j++);
  25   1       }


MODULE INFORMATION:   STATIC OVERLAYABLE
   CODE SIZE        =     61    ----
   CONSTANT SIZE    =   ----    ----
   XDATA SIZE       =   ----    ----
   PDATA SIZE       =   ----    ----
   DATA SIZE        =   ----    ----
   IDATA SIZE       =   ----    ----
   BIT SIZE         =   ----    ----
END OF MODULE INFORMATION.


C51 COMPILATION COMPLETE.  0 WARNING(S),  0 ERROR(S)
