C51 COMPILER V9.52.0.0   PORTOFF                                                           02/04/2018 15:59:29 PAGE 1   


C51 COMPILER V9.52.0.0, COMPILATION OF MODULE PORTOFF
OBJECT MODULE PLACED IN portoff.OBJ
COMPILER INVOKED BY: C:\Keil\C51\BIN\C51.EXE portoff.c BROWSE DEBUG OBJECTEXTEND TABS(2)

line level    source

   1          #include<regx51.h>
   2          void delay();
   3          sbit abc=P2^5;
   4          sbit def=P3^4;
   5          void main()
   6          {
   7   1        while(1)
   8   1        {
   9   2      abc=0;
  10   2      def=0;
  11   2        delay();
  12   2        abc=1;
  13   2        def=1;
  14   2        delay();
  15   2        }
  16   1      }
  17          void delay()
  18          {
  19   1        int i,j;
  20   1        for(i=0;i<1000;i++)
  21   1        for(j=0;j<1000;j++);
  22   1      }


MODULE INFORMATION:   STATIC OVERLAYABLE
   CODE SIZE        =     45    ----
   CONSTANT SIZE    =   ----    ----
   XDATA SIZE       =   ----    ----
   PDATA SIZE       =   ----    ----
   DATA SIZE        =   ----    ----
   IDATA SIZE       =   ----    ----
   BIT SIZE         =   ----    ----
END OF MODULE INFORMATION.


C51 COMPILATION COMPLETE.  0 WARNING(S),  0 ERROR(S)
