C51 COMPILER V9.52.0.0   MOTOR                                                             02/07/2018 12:30:13 PAGE 1   


C51 COMPILER V9.52.0.0, COMPILATION OF MODULE MOTOR
OBJECT MODULE PLACED IN Motor.OBJ
COMPILER INVOKED BY: C:\Keil\C51\BIN\C51.EXE Motor.c BROWSE DEBUG OBJECTEXTEND TABS(2)

line level    source

   1          #include<regx51.h>
   2          #define b P1
   3          #define m P2
   4          void main()
   5          {
   6   1        if(b==0xFE){m=0xD7;}
   7   1        else if(b==0xFD){m=0xEB;}
   8   1        else if(b==0xFB){m=0xC5;}
   9   1        else if(b==0xF7){m=0xD2;}
  10   1        else{m=0xC0;}
  11   1      }


MODULE INFORMATION:   STATIC OVERLAYABLE
   CODE SIZE        =     40    ----
   CONSTANT SIZE    =   ----    ----
   XDATA SIZE       =   ----    ----
   PDATA SIZE       =   ----    ----
   DATA SIZE        =   ----    ----
   IDATA SIZE       =   ----    ----
   BIT SIZE         =   ----    ----
END OF MODULE INFORMATION.


C51 COMPILATION COMPLETE.  0 WARNING(S),  0 ERROR(S)
