C51 COMPILER V9.52.0.0   SEVEN_SEGMENT                                                     02/07/2018 11:25:19 PAGE 1   


C51 COMPILER V9.52.0.0, COMPILATION OF MODULE SEVEN_SEGMENT
OBJECT MODULE PLACED IN Seven segment.OBJ
COMPILER INVOKED BY: C:\Keil\C51\BIN\C51.EXE Seven segment.c BROWSE DEBUG OBJECTEXTEND TABS(2)

line level    source

   1          #include<regx51.h>
   2          #define led P2
   3          void delay();
   4          void main()
   5          {
   6   1        while(1)
   7   1        {
   8   2          led=0x3F;
   9   2          delay();
  10   2          led=0x06;
  11   2          delay();
  12   2          led=0X5B;
  13   2          delay();
  14   2          led=0x4F;
  15   2          delay();
  16   2          led=0x66;
  17   2          delay();
  18   2          led=0x6D;
  19   2          delay();
  20   2          led=0x7D;
  21   2          delay();
  22   2          led=0x07;
  23   2          delay();
  24   2          led=0x7F;
  25   2          delay();
  26   2          led=0x6F;
  27   2          delay();
  28   2          
  29   2        }
  30   1      }
  31          
  32          void delay()
  33          {
  34   1        int i,j;
  35   1        for(i=0;i<1000;i++)
  36   1        for(j=0;j<100;j++);
  37   1      }


MODULE INFORMATION:   STATIC OVERLAYABLE
   CODE SIZE        =     91    ----
   CONSTANT SIZE    =   ----    ----
   XDATA SIZE       =   ----    ----
   PDATA SIZE       =   ----    ----
   DATA SIZE        =   ----    ----
   IDATA SIZE       =   ----    ----
   BIT SIZE         =   ----    ----
END OF MODULE INFORMATION.


C51 COMPILATION COMPLETE.  0 WARNING(S),  0 ERROR(S)
